===== PART A: Instruction Mix =====
LOADS: 415212491 (27.2225%)
STORES: 110040141 (7.21455%)
NOPS: 1477638 (0.0968782%)
DIRECT_CALLS: 12556358 (0.823231%)
INDIRECT_CALLS: 0 (0%)
RETURNS: 12556358 (0.823231%)
UNCONDITIONAL_BR: 8314482 (0.545122%)
CONDITIONAL_BR: 178242865 (11.6861%)
LOGICAL: 75119541 (4.92506%)
ROTATE_AND_SHIFT: 3516410 (0.230546%)
FLAG_OP: 0 (0%)
VECTOR: 0 (0%)
CONDITIONAL_MOVE: 0 (0%)
MMX_SSE: 0 (0%)
SYSCALL: 0 (0%)
FLOATING_POINT: 0 (0%)
OTHERS: 708216348 (46.4327%)
TOTAL: 1525252632

===== PART B: CPI =====
TOTAL_CYCLES: 37767684240
TOTAL_INSTRUCTIONS: 1525252632
CPI: 24.7616

===== PART C: Memory Footprint =====
INSTRUCTION_CHUNKS (32B): 65
INSTRUCTION_FOOTPRINT (bytes): 2080
DATA_CHUNKS (32B): 11672906
DATA_FOOTPRINT (bytes): 373532992
SINGLE_CHUNK_INSTRUCTIONS: 63
MULTIPLE_CHUNK_INSTRUCTIONS: 1
SINGLE_DATA_CHUNK_ACCESSES: 11657536
MULTIPLE_DATA_CHUNK_ACCESSES: 7685

===== PART D: ISA Properties =====

-- D1: Instruction Length Distribution --
LENGTH_1_BYTES: 80626475
LENGTH_2_BYTES: 485393571
LENGTH_3_BYTES: 315526124
LENGTH_4_BYTES: 50531336
LENGTH_5_BYTES: 22076621
LENGTH_6_BYTES: 5249776
LENGTH_7_BYTES: 40596097
LENGTH_8_BYTES: 0
LENGTH_9_BYTES: 0
LENGTH_10_BYTES: 0
LENGTH_11_BYTES: 0
LENGTH_12_BYTES: 0
LENGTH_13_BYTES: 0
LENGTH_14_BYTES: 0
LENGTH_15_BYTES: 0

-- D2: Operand Count Distribution --
OPERANDS_0: 1477638
OPERANDS_1: 0
OPERANDS_2: 484784905
OPERANDS_3: 457346776
OPERANDS_4: 43834323
OPERANDS_5: 12556358
OPERANDS_6: 0
OPERANDS_7: 0

-- D3: Instructions with 2 Register Read Operands --
REG_READ_2: 677530848

-- D4: Instructions with 1 Register Write Operand --
REG_WRITE_1: 770283401

-- D5: Instructions with 3 Memory Operands --
MEM_OPERANDS_3: 0

-- D6: Instructions with 1 Memory Read Operand --
MEM_READ_1: 415212491

-- D7: Instructions with 2 Memory Write Operands --
MEM_WRITE_2: 0

-- D8: Memory Bytes per Memory Instruction --
MAX_MEM_BYTES: 4
AVG_MEM_BYTES: 4

-- D9: Immediate Field Values --
MAX_IMMEDIATE: 1374389535
MIN_IMMEDIATE: -100000000

-- D10: Displacement Field Values --
MAX_DISPLACEMENT: 134957120
MIN_DISPLACEMENT: -76
